#
# There is insufficient memory for the Java Runtime Environment to continue.
# Native memory allocation (malloc) failed to allocate 1059888 bytes. Error detail: Chunk::new
# Possible reasons:
#   The system is out of physical RAM or swap space
#   This process is running with CompressedOops enabled, and the Java Heap may be blocking the growth of the native heap
# Possible solutions:
#   Reduce memory load on the system
#   Increase physical memory or swap space
#   Check if swap backing store is full
#   Decrease Java heap size (-Xmx/-Xms)
#   Decrease number of Java threads
#   Decrease Java thread stack sizes (-Xss)
#   Set larger code cache with -XX:ReservedCodeCacheSize=
#   JVM is running with Unscaled Compressed Oops mode in which the Java heap is
#     placed in the first 4GB address space. The Java Heap base address is the
#     maximum limit for the native heap growth. Please use -XX:HeapBaseMinAddress
#     to set the Java Heap base and to place the Java Heap above 4GB virtual address.
# This output file may be truncated or incomplete.
#
#  Out of Memory Error (arena.cpp:191), pid=33248, tid=11068
#
# JRE version: OpenJDK Runtime Environment Temurin-17.0.11+9 (17.0.11+9) (build 17.0.11+9)
# Java VM: OpenJDK 64-Bit Server VM Temurin-17.0.11+9 (17.0.11+9, mixed mode, tiered, compressed oops, compressed class ptrs, parallel gc, windows-amd64)
# No core dump will be written. Minidumps are not enabled by default on client versions of Windows
#

---------------  S U M M A R Y ------------

Command Line: --add-modules=ALL-SYSTEM --add-opens=java.base/java.util=ALL-UNNAMED --add-opens=java.base/java.lang=ALL-UNNAMED --add-opens=java.base/sun.nio.fs=ALL-UNNAMED -Declipse.application=org.eclipse.jdt.ls.core.id1 -Dosgi.bundles.defaultStartLevel=4 -Declipse.product=org.eclipse.jdt.ls.core.product -Djava.import.generatesMetadataFilesAtProjectRoot=false -DDetectVMInstallationsJob.disabled=true -Dfile.encoding=utf8 -XX:+UseParallelGC -XX:GCTimeRatio=4 -XX:AdaptiveSizePolicyWeight=90 -Dsun.zip.disableMemoryMapping=true -Xmx1G -Xms100m -Xlog:disable -javaagent:c:\Users\andre\.vscode\extensions\redhat.java-1.33.0-win32-x64\lombok\lombok-1.18.33.jar -XX:+HeapDumpOnOutOfMemoryError -XX:HeapDumpPath=c:\Users\andre\AppData\Roaming\Code\User\workspaceStorage\c554a49f42703738dc50cd005af58a59\redhat.java -Daether.dependencyCollector.impl=bf c:\Users\andre\.vscode\extensions\redhat.java-1.33.0-win32-x64\server\plugins\org.eclipse.equinox.launcher_1.6.900.v20240613-2009.jar -configuration c:\Users\andre\AppData\Roaming\Code\User\globalStorage\redhat.java\1.33.0\config_win -data c:\Users\andre\AppData\Roaming\Code\User\workspaceStorage\c554a49f42703738dc50cd005af58a59\redhat.java\jdt_ws --pipe=\\.\pipe\lsp-8ba8d8a737696ca1f38676ca59b7542b-sock

Host: AMD Ryzen 5 6600HS Creator Edition, 12 cores, 13G,  Windows 11 , 64 bit Build 22621 (10.0.22621.3958)
Time: Fri Aug 23 06:54:12 2024 Pacific SA Standard Time elapsed time: 224.146619 seconds (0d 0h 3m 44s)

---------------  T H R E A D  ---------------

Current thread (0x000001c42dc6b4a0):  JavaThread "C2 CompilerThread0" daemon [_thread_in_native, id=11068, stack(0x0000008b4f100000,0x0000008b4f200000)]


Current CompileTask:
C2: 224146 14546       4       org.eclipse.jdt.internal.compiler.lookup.LookupEnvironment::getTypeFromTypeSignature (770 bytes)

Stack: [0x0000008b4f100000,0x0000008b4f200000]
Native frames: (J=compiled Java code, j=interpreted, Vv=VM code, C=native code)
V  [jvm.dll+0x67d429]
V  [jvm.dll+0x834b7a]
V  [jvm.dll+0x83663e]
V  [jvm.dll+0x836ca3]
V  [jvm.dll+0x247dbf]
V  [jvm.dll+0xac534]
V  [jvm.dll+0xacb7c]
V  [jvm.dll+0x366647]
V  [jvm.dll+0x1bcf06]
V  [jvm.dll+0x21a5c9]
V  [jvm.dll+0x2198b1]
V  [jvm.dll+0x1a534d]
V  [jvm.dll+0x2295cd]
V  [jvm.dll+0x22779c]
V  [jvm.dll+0x7e9d07]
V  [jvm.dll+0x7e410a]
V  [jvm.dll+0x67c315]
C  [ucrtbase.dll+0x29333]
C  [KERNEL32.DLL+0x1257d]
C  [ntdll.dll+0x5af28]


---------------  P R O C E S S  ---------------

Threads class SMR info:
_java_thread_list=0x000001c4333e27a0, length=64, elements={
0x000001c412d64200, 0x000001c428b37260, 0x000001c428b395d0, 0x000001c42dc68670,
0x000001c42dc69230, 0x000001c42dc69df0, 0x000001c42dc6a7b0, 0x000001c42dc6b4a0,
0x000001c42dc728c0, 0x000001c42dc73e50, 0x000001c42dd798c0, 0x000001c42df2fcd0,
0x000001c42f9c3730, 0x000001c42feb1400, 0x000001c42feb3260, 0x000001c42feb2330,
0x000001c42feafab0, 0x000001c42feb04d0, 0x000001c42feb2840, 0x000001c42feb2d50,
0x000001c430959740, 0x000001c43095b090, 0x000001c430959c50, 0x000001c430955060,
0x000001c430959230, 0x000001c43095ab80, 0x000001c43095a160, 0x000001c430955a80,
0x000001c43095a670, 0x000001c43095b5a0, 0x000001c43095bab0, 0x000001c4309578e0,
0x000001c430955f90, 0x000001c4309573d0, 0x000001c4309569b0, 0x000001c43095bfc0,
0x000001c430955570, 0x000001c4309564a0, 0x000001c430958810, 0x000001c43407b8d0,
0x000001c43407aeb0, 0x000001c43407bde0, 0x000001c43407c2f0, 0x000001c43407d220,
0x000001c43407c800, 0x000001c43407d730, 0x000001c434079f80, 0x000001c430957df0,
0x000001c4303ba820, 0x000001c4303bc680, 0x000001c4303bad30, 0x000001c4303bb240,
0x000001c4303be9f0, 0x000001c4303bdfd0, 0x000001c4303b93e0, 0x000001c4303b98f0,
0x000001c4303bd0a0, 0x000001c4303bc170, 0x000001c4303bb750, 0x000001c4303bdac0,
0x000001c4303be4e0, 0x000001c4303bf410, 0x000001c4303bf920, 0x000001c4303c0850
}

Java Threads: ( => current thread )
  0x000001c412d64200 JavaThread "main" [_thread_blocked, id=47376, stack(0x0000008b4e800000,0x0000008b4e900000)]
  0x000001c428b37260 JavaThread "Reference Handler" daemon [_thread_blocked, id=33412, stack(0x0000008b4eb00000,0x0000008b4ec00000)]
  0x000001c428b395d0 JavaThread "Finalizer" daemon [_thread_blocked, id=46556, stack(0x0000008b4ec00000,0x0000008b4ed00000)]
  0x000001c42dc68670 JavaThread "Signal Dispatcher" daemon [_thread_blocked, id=7188, stack(0x0000008b4ed00000,0x0000008b4ee00000)]
  0x000001c42dc69230 JavaThread "Attach Listener" daemon [_thread_blocked, id=27888, stack(0x0000008b4ee00000,0x0000008b4ef00000)]
  0x000001c42dc69df0 JavaThread "Service Thread" daemon [_thread_blocked, id=47400, stack(0x0000008b4ef00000,0x0000008b4f000000)]
  0x000001c42dc6a7b0 JavaThread "Monitor Deflation Thread" daemon [_thread_blocked, id=42740, stack(0x0000008b4f000000,0x0000008b4f100000)]
=>0x000001c42dc6b4a0 JavaThread "C2 CompilerThread0" daemon [_thread_in_native, id=11068, stack(0x0000008b4f100000,0x0000008b4f200000)]
  0x000001c42dc728c0 JavaThread "C1 CompilerThread0" daemon [_thread_blocked, id=47336, stack(0x0000008b4f200000,0x0000008b4f300000)]
  0x000001c42dc73e50 JavaThread "Sweeper thread" daemon [_thread_blocked, id=47312, stack(0x0000008b4f300000,0x0000008b4f400000)]
  0x000001c42dd798c0 JavaThread "Common-Cleaner" daemon [_thread_blocked, id=47452, stack(0x0000008b4f400000,0x0000008b4f500000)]
  0x000001c42df2fcd0 JavaThread "Notification Thread" daemon [_thread_blocked, id=10680, stack(0x0000008b4f500000,0x0000008b4f600000)]
  0x000001c42f9c3730 JavaThread "Active Thread: Equinox Container: 4184f3eb-ea8a-490d-9209-24fe59586893" [_thread_blocked, id=47228, stack(0x0000008b4fd00000,0x0000008b4fe00000)]
  0x000001c42feb1400 JavaThread "Framework Event Dispatcher: Equinox Container: 4184f3eb-ea8a-490d-9209-24fe59586893" daemon [_thread_blocked, id=47648, stack(0x0000008b4fe00000,0x0000008b4ff00000)]
  0x000001c42feb3260 JavaThread "Start Level: Equinox Container: 4184f3eb-ea8a-490d-9209-24fe59586893" daemon [_thread_blocked, id=46292, stack(0x0000008b4ff00000,0x0000008b50000000)]
  0x000001c42feb2330 JavaThread "Bundle File Closer" daemon [_thread_blocked, id=46324, stack(0x0000008b50100000,0x0000008b50200000)]
  0x000001c42feafab0 JavaThread "SCR Component Actor" daemon [_thread_blocked, id=47456, stack(0x0000008b50300000,0x0000008b50400000)]
  0x000001c42feb04d0 JavaThread "Worker-JM" [_thread_blocked, id=47972, stack(0x0000008b50500000,0x0000008b50600000)]
  0x000001c42feb2840 JavaThread "JNA Cleaner" daemon [_thread_blocked, id=47944, stack(0x0000008b50700000,0x0000008b50800000)]
  0x000001c42feb2d50 JavaThread "Java indexing" daemon [_thread_in_native, id=47604, stack(0x0000008b50b00000,0x0000008b50c00000)]
  0x000001c430959740 JavaThread "Thread-2" daemon [_thread_in_native, id=47588, stack(0x0000008b50c00000,0x0000008b50d00000)]
  0x000001c43095b090 JavaThread "Thread-3" daemon [_thread_in_native, id=47472, stack(0x0000008b50d00000,0x0000008b50e00000)]
  0x000001c430959c50 JavaThread "Thread-4" daemon [_thread_in_native, id=47172, stack(0x0000008b50e00000,0x0000008b50f00000)]
  0x000001c430955060 JavaThread "Thread-5" daemon [_thread_in_native, id=47480, stack(0x0000008b50f00000,0x0000008b51000000)]
  0x000001c430959230 JavaThread "Thread-6" daemon [_thread_in_native, id=41220, stack(0x0000008b51000000,0x0000008b51100000)]
  0x000001c43095ab80 JavaThread "Thread-7" daemon [_thread_in_native, id=47556, stack(0x0000008b51100000,0x0000008b51200000)]
  0x000001c43095a160 JavaThread "Thread-8" daemon [_thread_in_native, id=47536, stack(0x0000008b51200000,0x0000008b51300000)]
  0x000001c430955a80 JavaThread "Thread-9" daemon [_thread_in_native, id=47540, stack(0x0000008b51300000,0x0000008b51400000)]
  0x000001c43095a670 JavaThread "Thread-10" daemon [_thread_in_native, id=47160, stack(0x0000008b51400000,0x0000008b51500000)]
  0x000001c43095b5a0 JavaThread "Thread-11" daemon [_thread_in_native, id=47616, stack(0x0000008b51500000,0x0000008b51600000)]
  0x000001c43095bab0 JavaThread "Thread-12" daemon [_thread_in_native, id=47584, stack(0x0000008b51600000,0x0000008b51700000)]
  0x000001c4309578e0 JavaThread "Thread-13" daemon [_thread_in_native, id=47576, stack(0x0000008b51700000,0x0000008b51800000)]
  0x000001c430955f90 JavaThread "Thread-14" daemon [_thread_in_native, id=47572, stack(0x0000008b51800000,0x0000008b51900000)]
  0x000001c4309573d0 JavaThread "pool-2-thread-1" [_thread_blocked, id=15176, stack(0x0000008b51900000,0x0000008b51a00000)]
  0x000001c4309569b0 JavaThread "WorkspaceEventsHandler" [_thread_blocked, id=47688, stack(0x0000008b51a00000,0x0000008b51b00000)]
  0x000001c43095bfc0 JavaThread "pool-1-thread-1" [_thread_blocked, id=47640, stack(0x0000008b51b00000,0x0000008b51c00000)]
  0x000001c430955570 JavaThread "Worker-3" [_thread_blocked, id=47624, stack(0x0000008b51d00000,0x0000008b51e00000)]
  0x000001c4309564a0 JavaThread "ForkJoinPool.commonPool-worker-1" daemon [_thread_blocked, id=46976, stack(0x0000008b50a00000,0x0000008b50b00000)]
  0x000001c430958810 JavaThread "Worker-4: Building" [_thread_in_Java, id=47308, stack(0x0000008b52200000,0x0000008b52300000)]
  0x000001c43407b8d0 JavaThread "Compiler Source File Reader" daemon [_thread_blocked, id=37912, stack(0x0000008b52500000,0x0000008b52600000)]
  0x000001c43407aeb0 JavaThread "Compiler Source File Reader" daemon [_thread_blocked, id=47592, stack(0x0000008b52600000,0x0000008b52700000)]
  0x000001c43407bde0 JavaThread "Compiler Source File Reader" daemon [_thread_blocked, id=45948, stack(0x0000008b52700000,0x0000008b52800000)]
  0x000001c43407c2f0 JavaThread "Compiler Source File Reader" daemon [_thread_blocked, id=47772, stack(0x0000008b52800000,0x0000008b52900000)]
  0x000001c43407d220 JavaThread "Compiler Source File Reader" daemon [_thread_blocked, id=47760, stack(0x0000008b52900000,0x0000008b52a00000)]
  0x000001c43407c800 JavaThread "Compiler Source File Reader" daemon [_thread_blocked, id=21416, stack(0x0000008b52a00000,0x0000008b52b00000)]
  0x000001c43407d730 JavaThread "Compiler Source File Reader" daemon [_thread_blocked, id=11144, stack(0x0000008b52b00000,0x0000008b52c00000)]
  0x000001c434079f80 JavaThread "Compiler Source File Reader" daemon [_thread_blocked, id=43132, stack(0x0000008b52c00000,0x0000008b52d00000)]
  0x000001c430957df0 JavaThread "Compiler Source File Reader" daemon [_thread_blocked, id=44120, stack(0x0000008b52d00000,0x0000008b52e00000)]
  0x000001c4303ba820 JavaThread "Compiler Source File Reader" daemon [_thread_blocked, id=47964, stack(0x0000008b52e00000,0x0000008b52f00000)]
  0x000001c4303bc680 JavaThread "ForkJoinPool.commonPool-worker-4" daemon [_thread_blocked, id=47844, stack(0x0000008b52100000,0x0000008b52200000)]
  0x000001c4303bad30 JavaThread "ForkJoinPool.commonPool-worker-5" daemon [_thread_blocked, id=45804, stack(0x0000008b53100000,0x0000008b53200000)]
  0x000001c4303bb240 JavaThread "ForkJoinPool.commonPool-worker-6" daemon [_thread_blocked, id=47352, stack(0x0000008b53200000,0x0000008b53300000)]
  0x000001c4303be9f0 JavaThread "ForkJoinPool.commonPool-worker-7" daemon [_thread_blocked, id=11720, stack(0x0000008b53300000,0x0000008b53400000)]
  0x000001c4303bdfd0 JavaThread "ForkJoinPool.commonPool-worker-8" daemon [_thread_blocked, id=45364, stack(0x0000008b53500000,0x0000008b53600000)]
  0x000001c4303b93e0 JavaThread "ForkJoinPool.commonPool-worker-9" daemon [_thread_blocked, id=16464, stack(0x0000008b53600000,0x0000008b53700000)]
  0x000001c4303b98f0 JavaThread "ForkJoinPool.commonPool-worker-10" daemon [_thread_blocked, id=46832, stack(0x0000008b53700000,0x0000008b53800000)]
  0x000001c4303bd0a0 JavaThread "ForkJoinPool.commonPool-worker-11" daemon [_thread_blocked, id=39380, stack(0x0000008b52000000,0x0000008b52100000)]
  0x000001c4303bc170 JavaThread "Cleaner-0" daemon [_thread_blocked, id=45204, stack(0x0000008b53800000,0x0000008b53900000)]
  0x000001c4303bb750 JavaThread "ForkJoinPool.commonPool-worker-12" daemon [_thread_blocked, id=46716, stack(0x0000008b4e500000,0x0000008b4e600000)]
  0x000001c4303bdac0 JavaThread "ForkJoinPool.commonPool-worker-13" daemon [_thread_blocked, id=47632, stack(0x0000008b4e600000,0x0000008b4e700000)]
  0x000001c4303be4e0 JavaThread "Worker-7" [_thread_blocked, id=39184, stack(0x0000008b4e700000,0x0000008b4e800000)]
  0x000001c4303bf410 JavaThread "Worker-8" [_thread_blocked, id=46348, stack(0x0000008b50400000,0x0000008b50500000)]
  0x000001c4303bf920 JavaThread "Worker-9" [_thread_blocked, id=46764, stack(0x0000008b50800000,0x0000008b50900000)]
  0x000001c4303c0850 JavaThread "Compiler Processing Task" daemon [_thread_blocked, id=37040, stack(0x0000008b50900000,0x0000008b50a00000)]

Other Threads:
  0x000001c412e0eba0 VMThread "VM Thread" [stack: 0x0000008b4ea00000,0x0000008b4eb00000] [id=47360]
  0x000001c42f503c20 WatcherThread [stack: 0x0000008b4f600000,0x0000008b4f700000] [id=47220]
  0x000001c412d776e0 GCTaskThread "GC Thread#0" [stack: 0x0000008b4e900000,0x0000008b4ea00000] [id=47364]
  0x000001c42f8dd000 GCTaskThread "GC Thread#1" [stack: 0x0000008b4f700000,0x0000008b4f800000] [id=44800]
  0x000001c42f8dc7c0 GCTaskThread "GC Thread#2" [stack: 0x0000008b4f800000,0x0000008b4f900000] [id=46840]
  0x000001c42f8dca80 GCTaskThread "GC Thread#3" [stack: 0x0000008b4f900000,0x0000008b4fa00000] [id=47612]
  0x000001c42f8dc240 GCTaskThread "GC Thread#4" [stack: 0x0000008b4fa00000,0x0000008b4fb00000] [id=47600]
  0x000001c42f8dd2c0 GCTaskThread "GC Thread#5" [stack: 0x0000008b4fb00000,0x0000008b4fc00000] [id=47504]
  0x000001c42f8dcd40 GCTaskThread "GC Thread#6" [stack: 0x0000008b4fc00000,0x0000008b4fd00000] [id=47340]
  0x000001c42f8db740 GCTaskThread "GC Thread#7" [stack: 0x0000008b50000000,0x0000008b50100000] [id=47356]
  0x000001c42f8dbcc0 GCTaskThread "GC Thread#8" [stack: 0x0000008b50200000,0x0000008b50300000] [id=47332]
  0x000001c4305a6f40 GCTaskThread "GC Thread#9" [stack: 0x0000008b50600000,0x0000008b50700000] [id=47968]

Threads with active compile tasks:
C2 CompilerThread0   224206 14546       4       org.eclipse.jdt.internal.compiler.lookup.LookupEnvironment::getTypeFromTypeSignature (770 bytes)

VM state: not at safepoint (normal execution)

VM Mutex/Monitor currently owned by a thread: None

Heap address: 0x00000000c0000000, size: 1024 MB, Compressed Oops mode: 32-bit

CDS archive(s) not mapped
Compressed class space mapped at: 0x0000000100000000-0x0000000140000000, reserved size: 1073741824
Narrow klass base: 0x0000000000000000, Narrow klass shift: 3, Narrow klass range: 0x140000000

GC Precious Log:
 CPUs: 12 total, 12 available
 Memory: 14020M
 Large Page Support: Disabled
 NUMA Support: Disabled
 Compressed Oops: Enabled (32-bit)
 Alignments: Space 512K, Generation 512K, Heap 2M
 Heap Min Capacity: 100M
 Heap Initial Capacity: 100M
 Heap Max Capacity: 1G
 Pre-touch: Disabled
 Parallel Workers: 10

Heap:
 PSYoungGen      total 7680K, used 4012K [0x00000000eab00000, 0x00000000eb600000, 0x0000000100000000)
  eden space 4096K, 33% used [0x00000000eab00000,0x00000000eac57140,0x00000000eaf00000)
  from space 3584K, 73% used [0x00000000eaf00000,0x00000000eb194020,0x00000000eb280000)
  to   space 3072K, 0% used [0x00000000eb300000,0x00000000eb300000,0x00000000eb600000)
 ParOldGen       total 289792K, used 273034K [0x00000000c0000000, 0x00000000d1b00000, 0x00000000eab00000)
  object space 289792K, 94% used [0x00000000c0000000,0x00000000d0aa29e0,0x00000000d1b00000)
 Metaspace       used 80093K, committed 81664K, reserved 1179648K
  class space    used 8348K, committed 9024K, reserved 1048576K

Card table byte_map: [0x000001c4263b0000,0x000001c4265c0000] _byte_map_base: 0x000001c425db0000

Marking Bits: (ParMarkBitMap*) 0x00007ff89c66d820
 Begin Bits: [0x000001c426720000, 0x000001c427720000)
 End Bits:   [0x000001c427720000, 0x000001c428720000)

Polling page: 0x000001c412e10000

Metaspace:

Usage:
  Non-class:     70.06 MB used.
      Class:      8.15 MB used.
       Both:     78.22 MB used.

Virtual space:
  Non-class space:      128.00 MB reserved,      70.94 MB ( 55%) committed,  2 nodes.
      Class space:        1.00 GB reserved,       8.81 MB ( <1%) committed,  1 nodes.
             Both:        1.12 GB reserved,      79.75 MB (  7%) committed. 

Chunk freelists:
   Non-Class:  8.66 MB
       Class:  7.09 MB
        Both:  15.75 MB

MaxMetaspaceSize: unlimited
CompressedClassSpaceSize: 1.00 GB
Initial GC threshold: 21.00 MB
Current GC threshold: 131.25 MB
CDS: off
MetaspaceReclaimPolicy: balanced
 - commit_granule_bytes: 65536.
 - commit_granule_words: 8192.
 - virtual_space_node_default_size: 8388608.
 - enlarge_chunks_in_place: 1.
 - new_chunks_are_fully_committed: 0.
 - uncommit_free_chunks: 1.
 - use_allocation_guard: 0.
 - handle_deallocations: 1.


Internal statistics:

num_allocs_failed_limit: 9.
num_arena_births: 1134.
num_arena_deaths: 22.
num_vsnodes_births: 3.
num_vsnodes_deaths: 0.
num_space_committed: 1276.
num_space_uncommitted: 0.
num_chunks_returned_to_freelist: 35.
num_chunks_taken_from_freelist: 4544.
num_chunk_merges: 17.
num_chunk_splits: 2830.
num_chunks_enlarged: 1648.
num_inconsistent_stats: 0.

CodeHeap 'non-profiled nmethods': size=120000Kb used=8878Kb max_used=8897Kb free=111121Kb
 bounds [0x000001c41ec90000, 0x000001c41f560000, 0x000001c4261c0000]
CodeHeap 'profiled nmethods': size=120000Kb used=22480Kb max_used=23410Kb free=97519Kb
 bounds [0x000001c4171c0000, 0x000001c4188a0000, 0x000001c41e6f0000]
CodeHeap 'non-nmethods': size=5760Kb used=1412Kb max_used=1480Kb free=4347Kb
 bounds [0x000001c41e6f0000, 0x000001c41e960000, 0x000001c41ec90000]
 total_blobs=11999 nmethods=11229 adapters=682
 compilation: enabled
              stopped_count=0, restarted_count=0
 full_count=0

Compilation events (20 events):
Event: 223.770 Thread 0x000001c42dc728c0 14559 %     3       org.eclipse.jdt.internal.core.index.DiskIndex::readStreamDocumentArray @ 69 (267 bytes)
Event: 223.772 Thread 0x000001c42dc728c0 nmethod 14559% 0x000001c417f77b10 code [0x000001c417f77d60, 0x000001c417f78928]
Event: 223.781 Thread 0x000001c42dc728c0 14560       3       org.eclipse.jdt.internal.core.index.DiskIndex::readStreamDocumentArray (267 bytes)
Event: 223.782 Thread 0x000001c42dc728c0 nmethod 14560 0x000001c417dd9f10 code [0x000001c417dda140, 0x000001c417ddabe8]
Event: 223.890 Thread 0x000001c42dc728c0 14562   !   3       org.eclipse.jdt.internal.core.AbstractClassFile::validateClassFile (66 bytes)
Event: 223.904 Thread 0x000001c42dc728c0 nmethod 14562 0x000001c4183bfa10 code [0x000001c4183bfde0, 0x000001c4183c1ad8]
Event: 223.904 Thread 0x000001c42dc728c0 14563       3       org.eclipse.jdt.core.JavaConventions::validateClassFileName (157 bytes)
Event: 223.906 Thread 0x000001c42dc728c0 nmethod 14563 0x000001c417b0cc90 code [0x000001c417b0d020, 0x000001c417b0e1d8]
Event: 223.907 Thread 0x000001c42dc728c0 14564       3       org.eclipse.jdt.internal.core.util.MementoTokenizer::nextToken (647 bytes)
Event: 223.909 Thread 0x000001c42dc728c0 nmethod 14564 0x000001c417ca7690 code [0x000001c417ca7a00, 0x000001c417ca8e78]
Event: 223.919 Thread 0x000001c42dc728c0 14565       3       com.google.gson.stream.JsonWriter::value (155 bytes)
Event: 223.920 Thread 0x000001c42dc728c0 nmethod 14565 0x000001c4183c5310 code [0x000001c4183c5700, 0x000001c4183c6d08]
Event: 224.011 Thread 0x000001c42dc728c0 14568       3       org.eclipse.jdt.internal.compiler.apt.model.TypeElementImpl::<init> (12 bytes)
Event: 224.012 Thread 0x000001c42dc728c0 nmethod 14568 0x000001c417ca7090 code [0x000001c417ca7240, 0x000001c417ca7438]
Event: 224.040 Thread 0x000001c42dc728c0 14569 %     3       org.eclipse.jdt.internal.compiler.codegen.CharArrayCache::returnKeyFor @ 9 (35 bytes)
Event: 224.040 Thread 0x000001c42dc728c0 nmethod 14569% 0x000001c417b0c510 code [0x000001c417b0c6c0, 0x000001c417b0c9b8]
Event: 224.077 Thread 0x000001c42dc728c0 14571       3       org.eclipse.core.internal.jobs.DeadlockDetector::lockAcquired (213 bytes)
Event: 224.090 Thread 0x000001c42dc728c0 nmethod 14571 0x000001c4183f4510 code [0x000001c4183f4880, 0x000001c4183f65b8]
Event: 224.113 Thread 0x000001c42dc728c0 14572       3       org.eclipse.core.internal.resources.MarkerManager$$Lambda$529/0x00000001006ac988::visitElement (19 bytes)
Event: 224.113 Thread 0x000001c42dc728c0 nmethod 14572 0x000001c418257c90 code [0x000001c418257e40, 0x000001c418257fa8]

GC Heap History (20 events):
Event: 223.815 GC heap before
{Heap before GC invocations=776 (full 25):
 PSYoungGen      total 2560K, used 1088K [0x00000000eab00000, 0x00000000eaf00000, 0x0000000100000000)
  eden space 512K, 100% used [0x00000000eab00000,0x00000000eab80000,0x00000000eab80000)
  from space 2048K, 28% used [0x00000000eab80000,0x00000000eac10000,0x00000000ead80000)
  to   space 1536K, 0% used [0x00000000ead80000,0x00000000ead80000,0x00000000eaf00000)
 ParOldGen       total 289792K, used 258862K [0x00000000c0000000, 0x00000000d1b00000, 0x00000000eab00000)
  object space 289792K, 89% used [0x00000000c0000000,0x00000000cfccb9e0,0x00000000d1b00000)
 Metaspace       used 80085K, committed 81664K, reserved 1179648K
  class space    used 8348K, committed 9024K, reserved 1048576K
}
Event: 223.819 GC heap after
{Heap after GC invocations=776 (full 25):
 PSYoungGen      total 2048K, used 608K [0x00000000eab00000, 0x00000000eae80000, 0x0000000100000000)
  eden space 1024K, 0% used [0x00000000eab00000,0x00000000eab00000,0x00000000eac00000)
  from space 1024K, 59% used [0x00000000ead80000,0x00000000eae18000,0x00000000eae80000)
  to   space 1024K, 0% used [0x00000000eac80000,0x00000000eac80000,0x00000000ead80000)
 ParOldGen       total 289792K, used 259390K [0x00000000c0000000, 0x00000000d1b00000, 0x00000000eab00000)
  object space 289792K, 89% used [0x00000000c0000000,0x00000000cfd4f9e0,0x00000000d1b00000)
 Metaspace       used 80085K, committed 81664K, reserved 1179648K
  class space    used 8348K, committed 9024K, reserved 1048576K
}
Event: 223.824 GC heap before
{Heap before GC invocations=777 (full 25):
 PSYoungGen      total 2048K, used 1632K [0x00000000eab00000, 0x00000000eae80000, 0x0000000100000000)
  eden space 1024K, 100% used [0x00000000eab00000,0x00000000eac00000,0x00000000eac00000)
  from space 1024K, 59% used [0x00000000ead80000,0x00000000eae18000,0x00000000eae80000)
  to   space 1024K, 0% used [0x00000000eac80000,0x00000000eac80000,0x00000000ead80000)
 ParOldGen       total 289792K, used 259390K [0x00000000c0000000, 0x00000000d1b00000, 0x00000000eab00000)
  object space 289792K, 89% used [0x00000000c0000000,0x00000000cfd4f9e0,0x00000000d1b00000)
 Metaspace       used 80085K, committed 81664K, reserved 1179648K
  class space    used 8348K, committed 9024K, reserved 1048576K
}
Event: 223.829 GC heap after
{Heap after GC invocations=777 (full 25):
 PSYoungGen      total 2560K, used 1024K [0x00000000eab00000, 0x00000000eb080000, 0x0000000100000000)
  eden space 1536K, 0% used [0x00000000eab00000,0x00000000eab00000,0x00000000eac80000)
  from space 1024K, 100% used [0x00000000eac80000,0x00000000ead80000,0x00000000ead80000)
  to   space 2048K, 0% used [0x00000000eae80000,0x00000000eae80000,0x00000000eb080000)
 ParOldGen       total 289792K, used 259950K [0x00000000c0000000, 0x00000000d1b00000, 0x00000000eab00000)
  object space 289792K, 89% used [0x00000000c0000000,0x00000000cfddb9e0,0x00000000d1b00000)
 Metaspace       used 80085K, committed 81664K, reserved 1179648K
  class space    used 8348K, committed 9024K, reserved 1048576K
}
Event: 223.834 GC heap before
{Heap before GC invocations=778 (full 25):
 PSYoungGen      total 2560K, used 2560K [0x00000000eab00000, 0x00000000eb080000, 0x0000000100000000)
  eden space 1536K, 100% used [0x00000000eab00000,0x00000000eac80000,0x00000000eac80000)
  from space 1024K, 100% used [0x00000000eac80000,0x00000000ead80000,0x00000000ead80000)
  to   space 2048K, 0% used [0x00000000eae80000,0x00000000eae80000,0x00000000eb080000)
 ParOldGen       total 289792K, used 259950K [0x00000000c0000000, 0x00000000d1b00000, 0x00000000eab00000)
  object space 289792K, 89% used [0x00000000c0000000,0x00000000cfddb9e0,0x00000000d1b00000)
 Metaspace       used 80085K, committed 81664K, reserved 1179648K
  class space    used 8348K, committed 9024K, reserved 1048576K
}
Event: 223.845 GC heap after
{Heap after GC invocations=778 (full 25):
 PSYoungGen      total 3584K, used 1728K [0x00000000eab00000, 0x00000000eb100000, 0x0000000100000000)
  eden space 1536K, 0% used [0x00000000eab00000,0x00000000eab00000,0x00000000eac80000)
  from space 2048K, 84% used [0x00000000eae80000,0x00000000eb030000,0x00000000eb080000)
  to   space 2048K, 0% used [0x00000000eac80000,0x00000000eac80000,0x00000000eae80000)
 ParOldGen       total 289792K, used 260974K [0x00000000c0000000, 0x00000000d1b00000, 0x00000000eab00000)
  object space 289792K, 90% used [0x00000000c0000000,0x00000000cfedb9e0,0x00000000d1b00000)
 Metaspace       used 80085K, committed 81664K, reserved 1179648K
  class space    used 8348K, committed 9024K, reserved 1048576K
}
Event: 223.852 GC heap before
{Heap before GC invocations=779 (full 25):
 PSYoungGen      total 3584K, used 3264K [0x00000000eab00000, 0x00000000eb100000, 0x0000000100000000)
  eden space 1536K, 100% used [0x00000000eab00000,0x00000000eac80000,0x00000000eac80000)
  from space 2048K, 84% used [0x00000000eae80000,0x00000000eb030000,0x00000000eb080000)
  to   space 2048K, 0% used [0x00000000eac80000,0x00000000eac80000,0x00000000eae80000)
 ParOldGen       total 289792K, used 260974K [0x00000000c0000000, 0x00000000d1b00000, 0x00000000eab00000)
  object space 289792K, 90% used [0x00000000c0000000,0x00000000cfedb9e0,0x00000000d1b00000)
 Metaspace       used 80085K, committed 81664K, reserved 1179648K
  class space    used 8348K, committed 9024K, reserved 1048576K
}
Event: 223.872 GC heap after
{Heap after GC invocations=779 (full 25):
 PSYoungGen      total 3584K, used 1696K [0x00000000eab00000, 0x00000000eb100000, 0x0000000100000000)
  eden space 1536K, 0% used [0x00000000eab00000,0x00000000eab00000,0x00000000eac80000)
  from space 2048K, 82% used [0x00000000eac80000,0x00000000eae28000,0x00000000eae80000)
  to   space 2048K, 0% used [0x00000000eaf00000,0x00000000eaf00000,0x00000000eb100000)
 ParOldGen       total 289792K, used 262526K [0x00000000c0000000, 0x00000000d1b00000, 0x00000000eab00000)
  object space 289792K, 90% used [0x00000000c0000000,0x00000000d005f9e0,0x00000000d1b00000)
 Metaspace       used 80085K, committed 81664K, reserved 1179648K
  class space    used 8348K, committed 9024K, reserved 1048576K
}
Event: 223.878 GC heap before
{Heap before GC invocations=780 (full 25):
 PSYoungGen      total 3584K, used 3231K [0x00000000eab00000, 0x00000000eb100000, 0x0000000100000000)
  eden space 1536K, 99% used [0x00000000eab00000,0x00000000eac7ffd0,0x00000000eac80000)
  from space 2048K, 82% used [0x00000000eac80000,0x00000000eae28000,0x00000000eae80000)
  to   space 2048K, 0% used [0x00000000eaf00000,0x00000000eaf00000,0x00000000eb100000)
 ParOldGen       total 289792K, used 262526K [0x00000000c0000000, 0x00000000d1b00000, 0x00000000eab00000)
  object space 289792K, 90% used [0x00000000c0000000,0x00000000d005f9e0,0x00000000d1b00000)
 Metaspace       used 80085K, committed 81664K, reserved 1179648K
  class space    used 8348K, committed 9024K, reserved 1048576K
}
Event: 223.888 GC heap after
{Heap after GC invocations=780 (full 25):
 PSYoungGen      total 4096K, used 1600K [0x00000000eab00000, 0x00000000eb100000, 0x0000000100000000)
  eden space 2048K, 0% used [0x00000000eab00000,0x00000000eab00000,0x00000000ead00000)
  from space 2048K, 78% used [0x00000000eaf00000,0x00000000eb090000,0x00000000eb100000)
  to   space 2048K, 0% used [0x00000000ead00000,0x00000000ead00000,0x00000000eaf00000)
 ParOldGen       total 289792K, used 264086K [0x00000000c0000000, 0x00000000d1b00000, 0x00000000eab00000)
  object space 289792K, 91% used [0x00000000c0000000,0x00000000d01e59e0,0x00000000d1b00000)
 Metaspace       used 80085K, committed 81664K, reserved 1179648K
  class space    used 8348K, committed 9024K, reserved 1048576K
}
Event: 223.897 GC heap before
{Heap before GC invocations=781 (full 25):
 PSYoungGen      total 4096K, used 3648K [0x00000000eab00000, 0x00000000eb100000, 0x0000000100000000)
  eden space 2048K, 100% used [0x00000000eab00000,0x00000000ead00000,0x00000000ead00000)
  from space 2048K, 78% used [0x00000000eaf00000,0x00000000eb090000,0x00000000eb100000)
  to   space 2048K, 0% used [0x00000000ead00000,0x00000000ead00000,0x00000000eaf00000)
 ParOldGen       total 289792K, used 264086K [0x00000000c0000000, 0x00000000d1b00000, 0x00000000eab00000)
  object space 289792K, 91% used [0x00000000c0000000,0x00000000d01e59e0,0x00000000d1b00000)
 Metaspace       used 80088K, committed 81664K, reserved 1179648K
  class space    used 8348K, committed 9024K, reserved 1048576K
}
Event: 223.904 GC heap after
{Heap after GC invocations=781 (full 25):
 PSYoungGen      total 4096K, used 2016K [0x00000000eab00000, 0x00000000eb280000, 0x0000000100000000)
  eden space 2048K, 0% used [0x00000000eab00000,0x00000000eab00000,0x00000000ead00000)
  from space 2048K, 98% used [0x00000000ead00000,0x00000000eaef8000,0x00000000eaf00000)
  to   space 2560K, 0% used [0x00000000eb000000,0x00000000eb000000,0x00000000eb280000)
 ParOldGen       total 289792K, used 265598K [0x00000000c0000000, 0x00000000d1b00000, 0x00000000eab00000)
  object space 289792K, 91% used [0x00000000c0000000,0x00000000d035f9e0,0x00000000d1b00000)
 Metaspace       used 80088K, committed 81664K, reserved 1179648K
  class space    used 8348K, committed 9024K, reserved 1048576K
}
Event: 223.910 GC heap before
{Heap before GC invocations=782 (full 25):
 PSYoungGen      total 4096K, used 4064K [0x00000000eab00000, 0x00000000eb280000, 0x0000000100000000)
  eden space 2048K, 100% used [0x00000000eab00000,0x00000000ead00000,0x00000000ead00000)
  from space 2048K, 98% used [0x00000000ead00000,0x00000000eaef8000,0x00000000eaf00000)
  to   space 2560K, 0% used [0x00000000eb000000,0x00000000eb000000,0x00000000eb280000)
 ParOldGen       total 289792K, used 265598K [0x00000000c0000000, 0x00000000d1b00000, 0x00000000eab00000)
  object space 289792K, 91% used [0x00000000c0000000,0x00000000d035f9e0,0x00000000d1b00000)
 Metaspace       used 80089K, committed 81664K, reserved 1179648K
  class space    used 8348K, committed 9024K, reserved 1048576K
}
Event: 223.918 GC heap after
{Heap after GC invocations=782 (full 25):
 PSYoungGen      total 4608K, used 1920K [0x00000000eab00000, 0x00000000eb200000, 0x0000000100000000)
  eden space 2560K, 0% used [0x00000000eab00000,0x00000000eab00000,0x00000000ead80000)
  from space 2048K, 93% used [0x00000000eb000000,0x00000000eb1e0000,0x00000000eb200000)
  to   space 2048K, 0% used [0x00000000eae00000,0x00000000eae00000,0x00000000eb000000)
 ParOldGen       total 289792K, used 267510K [0x00000000c0000000, 0x00000000d1b00000, 0x00000000eab00000)
  object space 289792K, 92% used [0x00000000c0000000,0x00000000d053d9e0,0x00000000d1b00000)
 Metaspace       used 80089K, committed 81664K, reserved 1179648K
  class space    used 8348K, committed 9024K, reserved 1048576K
}
Event: 223.936 GC heap before
{Heap before GC invocations=783 (full 25):
 PSYoungGen      total 4608K, used 4216K [0x00000000eab00000, 0x00000000eb200000, 0x0000000100000000)
  eden space 2560K, 89% used [0x00000000eab00000,0x00000000ead3e158,0x00000000ead80000)
  from space 2048K, 93% used [0x00000000eb000000,0x00000000eb1e0000,0x00000000eb200000)
  to   space 2048K, 0% used [0x00000000eae00000,0x00000000eae00000,0x00000000eb000000)
 ParOldGen       total 289792K, used 267510K [0x00000000c0000000, 0x00000000d1b00000, 0x00000000eab00000)
  object space 289792K, 92% used [0x00000000c0000000,0x00000000d053d9e0,0x00000000d1b00000)
 Metaspace       used 80091K, committed 81664K, reserved 1179648K
  class space    used 8348K, committed 9024K, reserved 1048576K
}
Event: 223.942 GC heap after
{Heap after GC invocations=783 (full 25):
 PSYoungGen      total 5120K, used 2021K [0x00000000eab00000, 0x00000000eb700000, 0x0000000100000000)
  eden space 3072K, 0% used [0x00000000eab00000,0x00000000eab00000,0x00000000eae00000)
  from space 2048K, 98% used [0x00000000eae00000,0x00000000eaff9400,0x00000000eb000000)
  to   space 4608K, 0% used [0x00000000eb280000,0x00000000eb280000,0x00000000eb700000)
 ParOldGen       total 289792K, used 269342K [0x00000000c0000000, 0x00000000d1b00000, 0x00000000eab00000)
  object space 289792K, 92% used [0x00000000c0000000,0x00000000d07079e0,0x00000000d1b00000)
 Metaspace       used 80091K, committed 81664K, reserved 1179648K
  class space    used 8348K, committed 9024K, reserved 1048576K
}
Event: 223.962 GC heap before
{Heap before GC invocations=784 (full 25):
 PSYoungGen      total 5120K, used 5090K [0x00000000eab00000, 0x00000000eb700000, 0x0000000100000000)
  eden space 3072K, 99% used [0x00000000eab00000,0x00000000eadff598,0x00000000eae00000)
  from space 2048K, 98% used [0x00000000eae00000,0x00000000eaff9400,0x00000000eb000000)
  to   space 4608K, 0% used [0x00000000eb280000,0x00000000eb280000,0x00000000eb700000)
 ParOldGen       total 289792K, used 269342K [0x00000000c0000000, 0x00000000d1b00000, 0x00000000eab00000)
  object space 289792K, 92% used [0x00000000c0000000,0x00000000d07079e0,0x00000000d1b00000)
 Metaspace       used 80091K, committed 81664K, reserved 1179648K
  class space    used 8348K, committed 9024K, reserved 1048576K
}
Event: 223.969 GC heap after
{Heap after GC invocations=784 (full 25):
 PSYoungGen      total 7680K, used 3006K [0x00000000eab00000, 0x00000000eb600000, 0x0000000100000000)
  eden space 4096K, 0% used [0x00000000eab00000,0x00000000eab00000,0x00000000eaf00000)
  from space 3584K, 83% used [0x00000000eb280000,0x00000000eb56f800,0x00000000eb600000)
  to   space 3584K, 0% used [0x00000000eaf00000,0x00000000eaf00000,0x00000000eb280000)
 ParOldGen       total 289792K, used 270910K [0x00000000c0000000, 0x00000000d1b00000, 0x00000000eab00000)
  object space 289792K, 93% used [0x00000000c0000000,0x00000000d088f9e0,0x00000000d1b00000)
 Metaspace       used 80091K, committed 81664K, reserved 1179648K
  class space    used 8348K, committed 9024K, reserved 1048576K
}
Event: 224.080 GC heap before
{Heap before GC invocations=785 (full 25):
 PSYoungGen      total 7680K, used 7021K [0x00000000eab00000, 0x00000000eb600000, 0x0000000100000000)
  eden space 4096K, 98% used [0x00000000eab00000,0x00000000eaeebe10,0x00000000eaf00000)
  from space 3584K, 83% used [0x00000000eb280000,0x00000000eb56f800,0x00000000eb600000)
  to   space 3584K, 0% used [0x00000000eaf00000,0x00000000eaf00000,0x00000000eb280000)
 ParOldGen       total 289792K, used 270910K [0x00000000c0000000, 0x00000000d1b00000, 0x00000000eab00000)
  object space 289792K, 93% used [0x00000000c0000000,0x00000000d088f9e0,0x00000000d1b00000)
 Metaspace       used 80093K, committed 81664K, reserved 1179648K
  class space    used 8348K, committed 9024K, reserved 1048576K
}
Event: 224.089 GC heap after
{Heap after GC invocations=785 (full 25):
 PSYoungGen      total 7680K, used 2640K [0x00000000eab00000, 0x00000000eb600000, 0x0000000100000000)
  eden space 4096K, 0% used [0x00000000eab00000,0x00000000eab00000,0x00000000eaf00000)
  from space 3584K, 73% used [0x00000000eaf00000,0x00000000eb194020,0x00000000eb280000)
  to   space 3072K, 0% used [0x00000000eb300000,0x00000000eb300000,0x00000000eb600000)
 ParOldGen       total 289792K, used 273034K [0x00000000c0000000, 0x00000000d1b00000, 0x00000000eab00000)
  object space 289792K, 94% used [0x00000000c0000000,0x00000000d0aa29e0,0x00000000d1b00000)
 Metaspace       used 80093K, committed 81664K, reserved 1179648K
  class space    used 8348K, committed 9024K, reserved 1048576K
}

Dll operation events (10 events):
Event: 0.011 Loaded shared library c:\Users\andre\.vscode\extensions\redhat.java-1.33.0-win32-x64\jre\17.0.11-win32-x86_64\bin\java.dll
Event: 0.194 Loaded shared library c:\Users\andre\.vscode\extensions\redhat.java-1.33.0-win32-x64\jre\17.0.11-win32-x86_64\bin\zip.dll
Event: 0.197 Loaded shared library C:\Users\andre\.vscode\extensions\redhat.java-1.33.0-win32-x64\jre\17.0.11-win32-x86_64\bin\instrument.dll
Event: 0.211 Loaded shared library C:\Users\andre\.vscode\extensions\redhat.java-1.33.0-win32-x64\jre\17.0.11-win32-x86_64\bin\net.dll
Event: 0.213 Loaded shared library C:\Users\andre\.vscode\extensions\redhat.java-1.33.0-win32-x64\jre\17.0.11-win32-x86_64\bin\nio.dll
Event: 0.221 Loaded shared library C:\Users\andre\.vscode\extensions\redhat.java-1.33.0-win32-x64\jre\17.0.11-win32-x86_64\bin\zip.dll
Event: 0.239 Loaded shared library C:\Users\andre\.vscode\extensions\redhat.java-1.33.0-win32-x64\jre\17.0.11-win32-x86_64\bin\jimage.dll
Event: 0.304 Loaded shared library c:\Users\andre\.vscode\extensions\redhat.java-1.33.0-win32-x64\jre\17.0.11-win32-x86_64\bin\verify.dll
Event: 1.514 Loaded shared library C:\Users\andre\AppData\Roaming\Code\User\globalStorage\redhat.java\1.33.0\config_win\org.eclipse.equinox.launcher\org.eclipse.equinox.launcher.win32.win32.x86_64_1.2.1100.v20240722-2106\eclipse_11904.dll
Event: 3.019 Loaded shared library C:\Users\andre\AppData\Local\Temp\jna-92958282\jna12217258412457936280.dll

Deoptimization events (20 events):
Event: 223.119 Thread 0x000001c43095bfc0 DEOPT PACKING pc=0x000001c41f1c6198 sp=0x0000008b51bfd620
Event: 223.119 Thread 0x000001c43095bfc0 DEOPT UNPACKING pc=0x000001c41e7466a3 sp=0x0000008b51bfd5a0 mode 2
Event: 223.119 Thread 0x000001c43095bfc0 Uncommon trap: trap_request=0xffffffbe fr.pc=0x000001c41f1c6198 relative=0x0000000000000178
Event: 223.119 Thread 0x000001c43095bfc0 Uncommon trap: reason=profile_predicate action=maybe_recompile pc=0x000001c41f1c6198 method=java.util.HashMap.keysToArray([Ljava/lang/Object;)[Ljava/lang/Object; @ 36 c2
Event: 223.119 Thread 0x000001c43095bfc0 DEOPT PACKING pc=0x000001c41f1c6198 sp=0x0000008b51bfd620
Event: 223.119 Thread 0x000001c43095bfc0 DEOPT UNPACKING pc=0x000001c41e7466a3 sp=0x0000008b51bfd5a0 mode 2
Event: 223.189 Thread 0x000001c43095bfc0 Uncommon trap: trap_request=0xffffffde fr.pc=0x000001c41f4f4910 relative=0x00000000000001f0
Event: 223.189 Thread 0x000001c43095bfc0 Uncommon trap: reason=class_check action=maybe_recompile pc=0x000001c41f4f4910 method=org.eclipse.jdt.internal.core.util.Util.equalArraysOrNull([Ljava/lang/Object;[Ljava/lang/Object;)Z @ 55 c2
Event: 223.189 Thread 0x000001c43095bfc0 DEOPT PACKING pc=0x000001c41f4f4910 sp=0x0000008b51bfddc0
Event: 223.189 Thread 0x000001c43095bfc0 DEOPT UNPACKING pc=0x000001c41e7466a3 sp=0x0000008b51bfdd68 mode 2
Event: 223.400 Thread 0x000001c4303bb750 DEOPT PACKING pc=0x000001c4181b5490 sp=0x0000008b4e5fdd70
Event: 223.401 Thread 0x000001c4303bb750 DEOPT UNPACKING pc=0x000001c41e746e43 sp=0x0000008b4e5fd210 mode 0
Event: 223.643 Thread 0x000001c43407c2f0 Uncommon trap: trap_request=0xffffff76 fr.pc=0x000001c41f0c4b8c relative=0x000000000000016c
Event: 223.643 Thread 0x000001c43407c2f0 Uncommon trap: reason=predicate action=maybe_recompile pc=0x000001c41f0c4b8c method=java.util.HashMap.keysToArray([Ljava/lang/Object;)[Ljava/lang/Object; @ 48 c2
Event: 223.643 Thread 0x000001c43407c2f0 DEOPT PACKING pc=0x000001c41f0c4b8c sp=0x0000008b528fe820
Event: 223.643 Thread 0x000001c43407c2f0 DEOPT UNPACKING pc=0x000001c41e7466a3 sp=0x0000008b528fe7a8 mode 2
Event: 223.769 Thread 0x000001c42feb2d50 Uncommon trap: trap_request=0xffffff45 fr.pc=0x000001c41ee85dd4 relative=0x0000000000000694
Event: 223.769 Thread 0x000001c42feb2d50 Uncommon trap: reason=unstable_if action=reinterpret pc=0x000001c41ee85dd4 method=org.eclipse.jdt.internal.core.index.DiskIndex.readStreamDocumentArray(Ljava/io/InputStream;I)[I @ 106 c2
Event: 223.769 Thread 0x000001c42feb2d50 DEOPT PACKING pc=0x000001c41ee85dd4 sp=0x0000008b50bfed90
Event: 223.770 Thread 0x000001c42feb2d50 DEOPT UNPACKING pc=0x000001c41e7466a3 sp=0x0000008b50bfed40 mode 2

Classes unloaded (11 events):
Event: 2.718 Thread 0x000001c412e0eba0 Unloading class 0x000000010024a400 'java/lang/invoke/LambdaForm$MH+0x000000010024a400'
Event: 2.718 Thread 0x000001c412e0eba0 Unloading class 0x000000010024a000 'java/lang/invoke/LambdaForm$MH+0x000000010024a000'
Event: 2.718 Thread 0x000001c412e0eba0 Unloading class 0x0000000100249c00 'java/lang/invoke/LambdaForm$MH+0x0000000100249c00'
Event: 2.718 Thread 0x000001c412e0eba0 Unloading class 0x0000000100249800 'java/lang/invoke/LambdaForm$MH+0x0000000100249800'
Event: 2.718 Thread 0x000001c412e0eba0 Unloading class 0x0000000100249400 'java/lang/invoke/LambdaForm$BMH+0x0000000100249400'
Event: 2.718 Thread 0x000001c412e0eba0 Unloading class 0x0000000100249000 'java/lang/invoke/LambdaForm$DMH+0x0000000100249000'
Event: 2.718 Thread 0x000001c412e0eba0 Unloading class 0x0000000100244400 'java/lang/invoke/LambdaForm$DMH+0x0000000100244400'
Event: 10.140 Thread 0x000001c412e0eba0 Unloading class 0x0000000100662800 'java/lang/invoke/LambdaForm$MH+0x0000000100662800'
Event: 10.140 Thread 0x000001c412e0eba0 Unloading class 0x0000000100662000 'java/lang/invoke/LambdaForm$MH+0x0000000100662000'
Event: 10.140 Thread 0x000001c412e0eba0 Unloading class 0x0000000100661000 'java/lang/invoke/LambdaForm$DMH+0x0000000100661000'
Event: 10.140 Thread 0x000001c412e0eba0 Unloading class 0x0000000100661400 'java/lang/invoke/LambdaForm$DMH+0x0000000100661400'

Classes redefined (0 events):
No events

Internal exceptions (20 events):
Event: 48.357 Thread 0x000001c42feb2d50 Exception <a 'sun/nio/fs/WindowsException'{0x00000000eab0a430}> (0x00000000eab0a430) 
thrown [s\src\hotspot\share\prims\jni.cpp, line 516]
Event: 48.382 Thread 0x000001c42feb2d50 Exception <a 'sun/nio/fs/WindowsException'{0x00000000eb1251c8}> (0x00000000eb1251c8) 
thrown [s\src\hotspot\share\prims\jni.cpp, line 516]
Event: 49.757 Thread 0x000001c42feb2d50 Exception <a 'sun/nio/fs/WindowsException'{0x00000000eab423b0}> (0x00000000eab423b0) 
thrown [s\src\hotspot\share\prims\jni.cpp, line 516]
Event: 49.819 Thread 0x000001c42feb2d50 Exception <a 'sun/nio/fs/WindowsException'{0x00000000eac7c408}> (0x00000000eac7c408) 
thrown [s\src\hotspot\share\prims\jni.cpp, line 516]
Event: 49.854 Thread 0x000001c42feb2d50 Exception <a 'sun/nio/fs/WindowsException'{0x00000000eac4e398}> (0x00000000eac4e398) 
thrown [s\src\hotspot\share\prims\jni.cpp, line 516]
Event: 49.870 Thread 0x000001c42feb2d50 Exception <a 'sun/nio/fs/WindowsException'{0x00000000eac5b580}> (0x00000000eac5b580) 
thrown [s\src\hotspot\share\prims\jni.cpp, line 516]
Event: 50.094 Thread 0x000001c42feb2d50 Exception <a 'sun/nio/fs/WindowsException'{0x00000000eb04db00}> (0x00000000eb04db00) 
thrown [s\src\hotspot\share\prims\jni.cpp, line 516]
Event: 50.112 Thread 0x000001c42feb2d50 Exception <a 'sun/nio/fs/WindowsException'{0x00000000eb05ac58}> (0x00000000eb05ac58) 
thrown [s\src\hotspot\share\prims\jni.cpp, line 516]
Event: 50.127 Thread 0x000001c42feb2d50 Exception <a 'sun/nio/fs/WindowsException'{0x00000000eb067ed0}> (0x00000000eb067ed0) 
thrown [s\src\hotspot\share\prims\jni.cpp, line 516]
Event: 50.742 Thread 0x000001c430956ec0 Exception <a 'sun/nio/fs/WindowsException'{0x00000000eac5a328}> (0x00000000eac5a328) 
thrown [s\src\hotspot\share\prims\jni.cpp, line 516]
Event: 50.987 Thread 0x000001c430958300 Implicit null exception at 0x000001c41ee7e03a to 0x000001c41ee80830
Event: 51.154 Thread 0x000001c430958300 Exception <a 'java/lang/NoSuchMethodError'{0x00000000eabfda80}: 'java.lang.Object java.lang.invoke.DirectMethodHandle$Holder.newInvokeSpecial(java.lang.Object, java.lang.Object, int, java.lang.Object, java.lang.Object, java.lang.Object, java.lang.Object)'> (0x00000000eabfda80) 
thrown [s\src\hotspot\share\interpreter\linkResolver.cpp, line 759]
Event: 62.630 Thread 0x000001c430958300 Exception <a 'java/lang/ArrayIndexOutOfBoundsException'{0x00000000eab4d518}: Index 835 out of bounds for length 834> (0x00000000eab4d518) 
thrown [s\src\hotspot\share\interpreter\interpreterRuntime.cpp, line 428]
Event: 64.691 Thread 0x000001c42feb2d50 Exception <a 'sun/nio/fs/WindowsException'{0x00000000eab37a28}> (0x00000000eab37a28) 
thrown [s\src\hotspot\share\prims\jni.cpp, line 516]
Event: 65.259 Thread 0x000001c42feb2d50 Exception <a 'sun/nio/fs/WindowsException'{0x00000000eac6ca70}> (0x00000000eac6ca70) 
thrown [s\src\hotspot\share\prims\jni.cpp, line 516]
Event: 220.906 Thread 0x000001c4303b98f0 Exception <a 'java/lang/NoSuchMethodError'{0x00000000eab365d0}: 'void java.lang.invoke.DirectMethodHandle$Holder.invokeSpecial(java.lang.Object, java.lang.Object, int)'> (0x00000000eab365d0) 
thrown [s\src\hotspot\share\interpreter\linkResolver.cpp, line 759]
Event: 221.772 Thread 0x000001c4303b98f0 Exception <a 'java/lang/NoSuchMethodError'{0x00000000eabc4bd8}: 'java.lang.Object java.lang.invoke.DirectMethodHandle$Holder.invokeSpecial(java.lang.Object, java.lang.Object, long, java.lang.Object, java.lang.Object, java.lang.Object, java.lang.Object, java.lang.Object, java.lang.Object, java.lang.Object, java.lang.Object, java.lang.Object)'> (0x00000000eabc4bd8) 
thrown [s\src\hotspot\share\interpreter\linkResolver.cpp, line 759]
Event: 221.775 Thread 0x000001c4303b98f0 Exception <a 'java/lang/NoSuchMethodError'{0x00000000eabc9360}: 'java.lang.Object java.lang.invoke.DelegatingMethodHandle$Holder.reinvoke_L(java.lang.Object, long, java.lang.Object, java.lang.Object, java.lang.Object, java.lang.Object, java.lang.Object, java.lang.Object, java.lang.Object, java.lang.Object, java.lang.Object)'> (0x00000000eabc9360) 
thrown [s\src\hotspot\share\interpreter\linkResolver.cpp, line 759]
Event: 221.786 Thread 0x000001c4303b98f0 Exception <a 'java/lang/NoSuchMethodError'{0x00000000eabf8b90}: 'java.lang.Object java.lang.invoke.Invokers$Holder.linkToTargetMethod(java.lang.Object, java.lang.Object, java.lang.Object, java.lang.Object, java.lang.Object, java.lang.Object, java.lang.Object, java.lang.Object, java.lang.Object, java.lang.Object)'> (0x00000000eabf8b90) 
thrown [s\src\hotspot\share\interpreter\linkResolver.cpp, line 759]
Event: 223.759 Thread 0x000001c42feb2d50 Exception <a 'sun/nio/fs/WindowsException'{0x00000000eab26e80}> (0x00000000eab26e80) 
thrown [s\src\hotspot\share\prims\jni.cpp, line 516]

VM Operations (20 events):
Event: 223.814 Executing VM operation: ParallelGCFailedAllocation
Event: 223.820 Executing VM operation: ParallelGCFailedAllocation done
Event: 223.823 Executing VM operation: ParallelGCFailedAllocation
Event: 223.830 Executing VM operation: ParallelGCFailedAllocation done
Event: 223.834 Executing VM operation: ParallelGCFailedAllocation
Event: 223.845 Executing VM operation: ParallelGCFailedAllocation done
Event: 223.850 Executing VM operation: ParallelGCFailedAllocation
Event: 223.872 Executing VM operation: ParallelGCFailedAllocation done
Event: 223.878 Executing VM operation: ParallelGCFailedAllocation
Event: 223.888 Executing VM operation: ParallelGCFailedAllocation done
Event: 223.894 Executing VM operation: ParallelGCFailedAllocation
Event: 223.904 Executing VM operation: ParallelGCFailedAllocation done
Event: 223.910 Executing VM operation: ParallelGCFailedAllocation
Event: 223.918 Executing VM operation: ParallelGCFailedAllocation done
Event: 223.935 Executing VM operation: ParallelGCFailedAllocation
Event: 223.942 Executing VM operation: ParallelGCFailedAllocation done
Event: 223.962 Executing VM operation: ParallelGCFailedAllocation
Event: 223.969 Executing VM operation: ParallelGCFailedAllocation done
Event: 224.080 Executing VM operation: ParallelGCFailedAllocation
Event: 224.089 Executing VM operation: ParallelGCFailedAllocation done

Events (20 events):
Event: 66.302 loading class jdk/internal/module/IllegalAccessLogger done
Event: 66.334 Thread 0x000001c433517d40 Thread added: 0x000001c433517d40
Event: 71.679 Thread 0x000001c433517d40 Thread exited: 0x000001c433517d40
Event: 71.679 Thread 0x000001c43351a270 Thread exited: 0x000001c43351a270
Event: 126.315 Thread 0x000001c4303bdac0 Thread exited: 0x000001c4303bdac0
Event: 126.503 Thread 0x000001c42feb09e0 Thread exited: 0x000001c42feb09e0
Event: 126.503 Thread 0x000001c430958d20 Thread exited: 0x000001c430958d20
Event: 126.503 Thread 0x000001c43095c4d0 Thread exited: 0x000001c43095c4d0
Event: 126.505 Thread 0x000001c42feb0ef0 Thread exited: 0x000001c42feb0ef0
Event: 126.678 Thread 0x000001c430958300 Thread exited: 0x000001c430958300
Event: 186.519 Thread 0x000001c43407b3c0 Thread exited: 0x000001c43407b3c0
Event: 186.688 Thread 0x000001c430956ec0 Thread exited: 0x000001c430956ec0
Event: 216.833 Thread 0x000001c4303bb750 Thread added: 0x000001c4303bb750
Event: 218.865 Thread 0x000001c4303bdac0 Thread added: 0x000001c4303bdac0
Event: 223.067 Thread 0x000001c4303be4e0 Thread added: 0x000001c4303be4e0
Event: 223.068 Thread 0x000001c4303bf410 Thread added: 0x000001c4303bf410
Event: 223.069 Thread 0x000001c4303bf920 Thread added: 0x000001c4303bf920
Event: 224.024 loading class jdk/internal/module/IllegalAccessLogger
Event: 224.027 loading class jdk/internal/module/IllegalAccessLogger done
Event: 224.033 Thread 0x000001c4303c0850 Thread added: 0x000001c4303c0850


Dynamic libraries:
0x00007ff60be20000 - 0x00007ff60be2e000 	c:\Users\andre\.vscode\extensions\redhat.java-1.33.0-win32-x64\jre\17.0.11-win32-x86_64\bin\java.exe
0x00007ff8e08d0000 - 0x00007ff8e0ae7000 	C:\WINDOWS\SYSTEM32\ntdll.dll
0x00007ff8de8b0000 - 0x00007ff8de974000 	C:\WINDOWS\System32\KERNEL32.DLL
0x00007ff8ddd60000 - 0x00007ff8de10d000 	C:\WINDOWS\System32\KERNELBASE.dll
0x00007ff8de2f0000 - 0x00007ff8de401000 	C:\WINDOWS\System32\ucrtbase.dll
0x00007ff8d6e30000 - 0x00007ff8d6e4b000 	c:\Users\andre\.vscode\extensions\redhat.java-1.33.0-win32-x64\jre\17.0.11-win32-x86_64\bin\VCRUNTIME140.dll
0x00007ff8d8eb0000 - 0x00007ff8d8ec7000 	c:\Users\andre\.vscode\extensions\redhat.java-1.33.0-win32-x64\jre\17.0.11-win32-x86_64\bin\jli.dll
0x00007ff8dec20000 - 0x00007ff8dedce000 	C:\WINDOWS\System32\USER32.dll
0x00007ff8ddd30000 - 0x00007ff8ddd56000 	C:\WINDOWS\System32\win32u.dll
0x00007ff8c0c20000 - 0x00007ff8c0eb3000 	C:\WINDOWS\WinSxS\amd64_microsoft.windows.common-controls_6595b64144ccf1df_6.0.22621.3672_none_2713b9d173822955\COMCTL32.dll
0x00007ff8dfe80000 - 0x00007ff8dfea9000 	C:\WINDOWS\System32\GDI32.dll
0x00007ff8deb70000 - 0x00007ff8dec17000 	C:\WINDOWS\System32\msvcrt.dll
0x00007ff8de1d0000 - 0x00007ff8de2e9000 	C:\WINDOWS\System32\gdi32full.dll
0x00007ff8ddc60000 - 0x00007ff8ddcfa000 	C:\WINDOWS\System32\msvcp_win.dll
0x00007ff8dfa40000 - 0x00007ff8dfa71000 	C:\WINDOWS\System32\IMM32.DLL
0x00007ff8d92c0000 - 0x00007ff8d92cc000 	c:\Users\andre\.vscode\extensions\redhat.java-1.33.0-win32-x64\jre\17.0.11-win32-x86_64\bin\vcruntime140_1.dll
0x00007ff8b7840000 - 0x00007ff8b78cd000 	c:\Users\andre\.vscode\extensions\redhat.java-1.33.0-win32-x64\jre\17.0.11-win32-x86_64\bin\msvcp140.dll
0x00007ff89bad0000 - 0x00007ff89c732000 	c:\Users\andre\.vscode\extensions\redhat.java-1.33.0-win32-x64\jre\17.0.11-win32-x86_64\bin\server\jvm.dll
0x00007ff8dfd60000 - 0x00007ff8dfe12000 	C:\WINDOWS\System32\ADVAPI32.dll
0x00007ff8e0730000 - 0x00007ff8e07d9000 	C:\WINDOWS\System32\sechost.dll
0x00007ff8ddd00000 - 0x00007ff8ddd28000 	C:\WINDOWS\System32\bcrypt.dll
0x00007ff8dfc40000 - 0x00007ff8dfd54000 	C:\WINDOWS\System32\RPCRT4.dll
0x00007ff8c9c20000 - 0x00007ff8c9c29000 	C:\WINDOWS\SYSTEM32\WSOCK32.dll
0x00007ff8deae0000 - 0x00007ff8deb51000 	C:\WINDOWS\System32\WS2_32.dll
0x00007ff8dca40000 - 0x00007ff8dca8d000 	C:\WINDOWS\SYSTEM32\POWRPROF.dll
0x00007ff8d8f60000 - 0x00007ff8d8f94000 	C:\WINDOWS\SYSTEM32\WINMM.dll
0x00007ff8d7700000 - 0x00007ff8d770a000 	C:\WINDOWS\SYSTEM32\VERSION.dll
0x00007ff8dca20000 - 0x00007ff8dca33000 	C:\WINDOWS\SYSTEM32\UMPDC.dll
0x00007ff8dccd0000 - 0x00007ff8dcce8000 	C:\WINDOWS\SYSTEM32\kernel.appcore.dll
0x00007ff8d8de0000 - 0x00007ff8d8dea000 	c:\Users\andre\.vscode\extensions\redhat.java-1.33.0-win32-x64\jre\17.0.11-win32-x86_64\bin\jimage.dll
0x00007ff8db310000 - 0x00007ff8db542000 	C:\WINDOWS\SYSTEM32\DBGHELP.DLL
0x00007ff8df430000 - 0x00007ff8df7bd000 	C:\WINDOWS\System32\combase.dll
0x00007ff8df340000 - 0x00007ff8df417000 	C:\WINDOWS\System32\OLEAUT32.dll
0x00007ff8d31e0000 - 0x00007ff8d3212000 	C:\WINDOWS\SYSTEM32\dbgcore.DLL
0x00007ff8de580000 - 0x00007ff8de5fb000 	C:\WINDOWS\System32\bcryptPrimitives.dll
0x00007ff8d7820000 - 0x00007ff8d782e000 	c:\Users\andre\.vscode\extensions\redhat.java-1.33.0-win32-x64\jre\17.0.11-win32-x86_64\bin\instrument.dll
0x00007ff8ca340000 - 0x00007ff8ca365000 	c:\Users\andre\.vscode\extensions\redhat.java-1.33.0-win32-x64\jre\17.0.11-win32-x86_64\bin\java.dll
0x00007ff8d6dd0000 - 0x00007ff8d6de8000 	c:\Users\andre\.vscode\extensions\redhat.java-1.33.0-win32-x64\jre\17.0.11-win32-x86_64\bin\zip.dll
0x00007ff8dfeb0000 - 0x00007ff8e0718000 	C:\WINDOWS\System32\SHELL32.dll
0x00007ff8dbb00000 - 0x00007ff8dc3fe000 	C:\WINDOWS\SYSTEM32\windows.storage.dll
0x00007ff8db9c0000 - 0x00007ff8dbaff000 	C:\WINDOWS\SYSTEM32\wintypes.dll
0x00007ff8de600000 - 0x00007ff8de6f9000 	C:\WINDOWS\System32\SHCORE.dll
0x00007ff8dfe20000 - 0x00007ff8dfe7e000 	C:\WINDOWS\System32\shlwapi.dll
0x00007ff8ddb20000 - 0x00007ff8ddb41000 	C:\WINDOWS\SYSTEM32\profapi.dll
0x00007ff8c82a0000 - 0x00007ff8c82b9000 	C:\Users\andre\.vscode\extensions\redhat.java-1.33.0-win32-x64\jre\17.0.11-win32-x86_64\bin\net.dll
0x00007ff8da2b0000 - 0x00007ff8da3e6000 	C:\WINDOWS\SYSTEM32\WINHTTP.dll
0x00007ff8dd140000 - 0x00007ff8dd1a9000 	C:\WINDOWS\system32\mswsock.dll
0x00007ff8c1b20000 - 0x00007ff8c1b36000 	C:\Users\andre\.vscode\extensions\redhat.java-1.33.0-win32-x64\jre\17.0.11-win32-x86_64\bin\nio.dll
0x00007ff8d6d80000 - 0x00007ff8d6d90000 	c:\Users\andre\.vscode\extensions\redhat.java-1.33.0-win32-x64\jre\17.0.11-win32-x86_64\bin\verify.dll
0x00007ff8bfc60000 - 0x00007ff8bfca5000 	C:\Users\andre\AppData\Roaming\Code\User\globalStorage\redhat.java\1.33.0\config_win\org.eclipse.equinox.launcher\org.eclipse.equinox.launcher.win32.win32.x86_64_1.2.1100.v20240722-2106\eclipse_11904.dll
0x00007ff8df7f0000 - 0x00007ff8df995000 	C:\WINDOWS\System32\ole32.dll
0x00007ff8dd380000 - 0x00007ff8dd39b000 	C:\WINDOWS\SYSTEM32\CRYPTSP.dll
0x00007ff8dcc30000 - 0x00007ff8dcc65000 	C:\WINDOWS\system32\rsaenh.dll
0x00007ff8dd200000 - 0x00007ff8dd228000 	C:\WINDOWS\SYSTEM32\USERENV.dll
0x00007ff8dd3a0000 - 0x00007ff8dd3ac000 	C:\WINDOWS\SYSTEM32\CRYPTBASE.dll
0x00007ff8dc6d0000 - 0x00007ff8dc6fd000 	C:\WINDOWS\SYSTEM32\IPHLPAPI.DLL
0x00007ff8df7c0000 - 0x00007ff8df7c9000 	C:\WINDOWS\System32\NSI.dll
0x00007ff8da1b0000 - 0x00007ff8da1c9000 	C:\WINDOWS\SYSTEM32\dhcpcsvc6.DLL
0x00007ff8da120000 - 0x00007ff8da13f000 	C:\WINDOWS\SYSTEM32\dhcpcsvc.DLL
0x00007ff8dc700000 - 0x00007ff8dc7f8000 	C:\WINDOWS\SYSTEM32\DNSAPI.dll
0x00007ff8ba8c0000 - 0x00007ff8ba905000 	C:\Users\andre\AppData\Local\Temp\jna-92958282\jna12217258412457936280.dll
0x00007ff8deb60000 - 0x00007ff8deb68000 	C:\WINDOWS\System32\PSAPI.DLL
0x00007ff8dccf0000 - 0x00007ff8dcd24000 	C:\WINDOWS\SYSTEM32\ntmarta.dll

dbghelp: loaded successfully - version: 4.0.5 - missing functions: none
symbol engine: initialized successfully - sym options: 0x614 - pdb path: .;c:\Users\andre\.vscode\extensions\redhat.java-1.33.0-win32-x64\jre\17.0.11-win32-x86_64\bin;C:\WINDOWS\SYSTEM32;C:\WINDOWS\WinSxS\amd64_microsoft.windows.common-controls_6595b64144ccf1df_6.0.22621.3672_none_2713b9d173822955;c:\Users\andre\.vscode\extensions\redhat.java-1.33.0-win32-x64\jre\17.0.11-win32-x86_64\bin\server;C:\Users\andre\AppData\Roaming\Code\User\globalStorage\redhat.java\1.33.0\config_win\org.eclipse.equinox.launcher\org.eclipse.equinox.launcher.win32.win32.x86_64_1.2.1100.v20240722-2106;C:\Users\andre\AppData\Local\Temp\jna-92958282

VM Arguments:
jvm_args: --add-modules=ALL-SYSTEM --add-opens=java.base/java.util=ALL-UNNAMED --add-opens=java.base/java.lang=ALL-UNNAMED --add-opens=java.base/sun.nio.fs=ALL-UNNAMED -Declipse.application=org.eclipse.jdt.ls.core.id1 -Dosgi.bundles.defaultStartLevel=4 -Declipse.product=org.eclipse.jdt.ls.core.product -Djava.import.generatesMetadataFilesAtProjectRoot=false -DDetectVMInstallationsJob.disabled=true -Dfile.encoding=utf8 -XX:+UseParallelGC -XX:GCTimeRatio=4 -XX:AdaptiveSizePolicyWeight=90 -Dsun.zip.disableMemoryMapping=true -Xmx1G -Xms100m -Xlog:disable -javaagent:c:\Users\andre\.vscode\extensions\redhat.java-1.33.0-win32-x64\lombok\lombok-1.18.33.jar -XX:+HeapDumpOnOutOfMemoryError -XX:HeapDumpPath=c:\Users\andre\AppData\Roaming\Code\User\workspaceStorage\c554a49f42703738dc50cd005af58a59\redhat.java -Daether.dependencyCollector.impl=bf 
java_command: c:\Users\andre\.vscode\extensions\redhat.java-1.33.0-win32-x64\server\plugins\org.eclipse.equinox.launcher_1.6.900.v20240613-2009.jar -configuration c:\Users\andre\AppData\Roaming\Code\User\globalStorage\redhat.java\1.33.0\config_win -data c:\Users\andre\AppData\Roaming\Code\User\workspaceStorage\c554a49f42703738dc50cd005af58a59\redhat.java\jdt_ws --pipe=\\.\pipe\lsp-8ba8d8a737696ca1f38676ca59b7542b-sock
java_class_path (initial): c:\Users\andre\.vscode\extensions\redhat.java-1.33.0-win32-x64\server\plugins\org.eclipse.equinox.launcher_1.6.900.v20240613-2009.jar
Launcher Type: SUN_STANDARD

[Global flags]
    uintx AdaptiveSizePolicyWeight                 = 90                                        {product} {command line}
     intx CICompilerCount                          = 4                                         {product} {ergonomic}
    uintx GCTimeRatio                              = 4                                         {product} {command line}
     bool HeapDumpOnOutOfMemoryError               = true                                   {manageable} {command line}
    ccstr HeapDumpPath                             = c:\Users\andre\AppData\Roaming\Code\User\workspaceStorage\c554a49f42703738dc50cd005af58a59\redhat.java         {manageable} {command line}
   size_t InitialHeapSize                          = 104857600                                 {product} {command line}
   size_t MaxHeapSize                              = 1073741824                                {product} {command line}
   size_t MaxNewSize                               = 357564416                                 {product} {ergonomic}
   size_t MinHeapDeltaBytes                        = 524288                                    {product} {ergonomic}
   size_t MinHeapSize                              = 104857600                                 {product} {command line}
   size_t NewSize                                  = 34603008                                  {product} {ergonomic}
    uintx NonNMethodCodeHeapSize                   = 5839372                                {pd product} {ergonomic}
    uintx NonProfiledCodeHeapSize                  = 122909434                              {pd product} {ergonomic}
   size_t OldSize                                  = 70254592                                  {product} {ergonomic}
    uintx ProfiledCodeHeapSize                     = 122909434                              {pd product} {ergonomic}
    uintx ReservedCodeCacheSize                    = 251658240                              {pd product} {ergonomic}
     bool SegmentedCodeCache                       = true                                      {product} {ergonomic}
   size_t SoftMaxHeapSize                          = 1073741824                             {manageable} {ergonomic}
     bool UseCompressedClassPointers               = true                           {product lp64_product} {ergonomic}
     bool UseCompressedOops                        = true                           {product lp64_product} {ergonomic}
     bool UseLargePagesIndividualAllocation        = false                                  {pd product} {ergonomic}
     bool UseParallelGC                            = true                                      {product} {command line}

Logging:
Log output configuration:
 #0: stdout all=off uptime,level,tags
 #1: stderr all=off uptime,level,tags

Environment Variables:
JAVA_HOME=C:\Program Files\Microsoft\jdk-21.0.2.13-hotspot\
PATH=C:\Program Files\Microsoft\jdk-21.0.2.13-hotspot\bin;C:\Program Files\Microsoft\jdk-17.0.8.101-hotspot\bin;C:\WINDOWS\system32;C:\WINDOWS;C:\WINDOWS\System32\Wbem;C:\WINDOWS\System32\WindowsPowerShell\v1.0\;C:\WINDOWS\System32\OpenSSH\;C:\Program Files (x86)\GitExtensions\;C:\Program Files\dotnet\;C:\Program Files\Git\cmd;C:\Program Files\Docker\Docker\resources\bin;C:\DEV\apache-maven-3.9.5\bin;C:\Program Files\nodejs\;C:\Users\andre\AppData\Local\Microsoft\WindowsApps;;C:\Users\andre\AppData\Local\Programs\Microsoft VS Code\bin;C:\Users\andre\.dotnet\tools;C:\Program Files\JetBrains\IntelliJ IDEA Community Edition 2023.3.2\bin;;C:\Users\andre\AppData\Roaming\npm
USERNAME=andre
OS=Windows_NT
PROCESSOR_IDENTIFIER=AMD64 Family 25 Model 68 Stepping 1, AuthenticAMD
TMP=C:\Users\andre\AppData\Local\Temp
TEMP=C:\Users\andre\AppData\Local\Temp



Periodic native trim disabled


---------------  S Y S T E M  ---------------

OS:
 Windows 11 , 64 bit Build 22621 (10.0.22621.3958)
OS uptime: 8 days 6:14 hours
Hyper-V role detected

CPU: total 12 (initial active 12) (12 cores per cpu, 2 threads per core) family 25 model 68 stepping 1 microcode 0x0, cx8, cmov, fxsr, ht, mmx, 3dnowpref, sse, sse2, sse3, ssse3, sse4a, sse4.1, sse4.2, popcnt, lzcnt, tsc, tscinvbit, avx, avx2, aes, clmul, bmi1, bmi2, adx, sha, fma, vzeroupper, clflush, clflushopt, hv
Processor Information for all 12 processors :
  Max Mhz: 3301, Current Mhz: 3301, Mhz Limit: 3301

Memory: 4k page, system-wide physical 14020M (75M free)
TotalPageFile size 57028M (AvailPageFile size 39M)
current process WorkingSet (physical memory assigned to process): 226M, peak: 758M
current process commit charge ("private bytes"): 569M, peak: 673M

vm_info: OpenJDK 64-Bit Server VM (17.0.11+9) for windows-amd64 JRE (17.0.11+9), built on Apr 17 2024 06:07:48 by "admin" with MS VC++ 16.10 / 16.11 (VS2019)

END.
